app/build/outputs/mapping/release/configuration.txt
# The proguard configuration file for the following section is default_proguard_files\global\proguard-android-optimize.txt-8.1.0
# This is a configuration file for ProGuard.
# http://proguard.sourceforge.net/index.html#manual/usage.html
#
# Starting with version 2.2 of the Android plugin for Gradle, this file is distributed together with
# the plugin and unpacked at build-time. The files in $ANDROID_HOME are no longer maintained and
# will be ignored by new version of the Android plugin for Gradle.

# Optimizations: If you don't want to optimize, use the proguard-android.txt configuration file
# instead of this one, which turns off the optimization flags.
# Adding optimization introduces certain risks, since for example not all optimizations performed by
# ProGuard works on all versions of Dalvik.  The following flags turn off various optimizations
# known to have issues, but the list may not be complete or up to date. (The "arithmetic"
# optimization can be used if you are only targeting Android 2.0 or later.)  Make sure you test
# thoroughly if you go this route.
-optimizations !code/simplification/arithmetic,!code/simplification/cast,!field/*,!class/merging/*
-optimizationpasses 5
-allowaccessmodification

-dontusemixedcaseclassnames
-dontskipnonpubliclibraryclasses
-verbose

# Preserve some attributes that may be required for reflection.
-keepattributes AnnotationDefault,
                EnclosingMethod,
                InnerClasses,
                RuntimeVisibleAnnotations,
                RuntimeVisibleParameterAnnotations,
                RuntimeVisibleTypeAnnotations,
                Signature

-keep public class com.google.vending.licensing.ILicensingService
-keep public class com.android.vending.licensing.ILicensingService
-keep public class com.google.android.vending.licensing.ILicensingService
-dontnote com.android.vending.licensing.ILicensingService
-dontnote com.google.vending.licensing.ILicensingService
-dontnote com.google.android.vending.licensing.ILicensingService

# For native methods, see http://proguard.sourceforge.net/manual/examples.html#native
-keepclasseswithmembernames,includedescriptorclasses class * {
    native <methods>;
}

# Keep setters in Views so that animations can still work.
-keepclassmembers public class * extends android.view.View {
    void set*(***);
    *** get*();
}

# We want to keep methods in Activity that could be used in the XML attribute onClick.
-keepclassmembers class * extends android.app.Activity {
    public void *(android.view.View);
}

# For enumeration classes, see http://proguard.sourceforge.net/manual/examples.html#enumerations
-keepclassmembers enum * {
    public static **[] values();
    public static ** valueOf(java.lang.String);
}

-keepclassmembers class * implements android.os.Parcelable {
    public static final ** CREATOR;
}

# Preserve annotated Javascript interface methods.
-keepclassmembers class * {
    @android.webkit.JavascriptInterface <methods>;
}

# The support libraries contains references to newer platform versions.
# Don't warn about those in case this app is linking against an older
# platform version. We know about them, and they are safe.
-dontnote android.support.**
-dontnote androidx.**
-dontwarn android.support.**
-dontwarn androidx.**

# This class is deprecated, but remains for backward compatibility.
-dontwarn android.util.FloatMath

# Understand the @Keep support annotation.
-keep class android.support.annotation.Keep
-keep class androidx.annotation.Keep

-keep @android.support.annotation.Keep class * {*;}
-keep @androidx.annotation.Keep class * {*;}

-keepclasseswithmembers class * {
    @android.support.annotation.Keep <methods>;
}

-keepclasseswithmembers class * {
    @androidx.annotation.Keep <methods>;
}

-keepclasseswithmembers class * {
    @android.support.annotation.Keep <fields>;
}

-keepclasseswithmembers class * {
    @androidx.annotation.Keep <fields>;
}

-keepclasseswithmembers class * {
    @android.support.annotation.Keep <init>(...);
}

-keepclasseswithmembers class * {
    @androidx.annotation.Keep <init>(...);
}

# These classes are duplicated between android.jar and org.apache.http.legacy.jar.
-dontnote org.apache.http.**
-dontnote android.net.http.**

# These classes are duplicated between android.jar and core-lambda-stubs.jar.
-dontnote java.lang.invoke.**

# End of content from default_proguard_files\global\proguard-android-optimize.txt-8.1.0
# The proguard configuration file for the following section is com.d4rk.androidtutorials.java\app\proguard-rules.pro
# Add project specific ProGuard rules here.
# You can control the set of applied configuration files using the
# proguardFiles setting in build.gradle.
#
# For more details, see
#   http://developer.android.com/guide/developing/tools/proguard.html

# If your project uses WebView with JS, uncomment the following
# and specify the fully qualified class name to the JavaScript interface
# class:
#-keepclassmembers class fqcn.of.javascript.interface.for.webview {
#   public *;
#}

# Uncomment this to preserve the line number information for
# debugging stack traces.
#-keepattributes SourceFile,LineNumberTable

# If you keep the line number information, uncomment this to
# hide the original source file name.
#-renamesourcefileattribute SourceFile
-keep public class com.google.android.gms.ads.** {
  public *;
}
-keep public class com.google.ads.** {
  public *;
}
-keep class com.google.firebase.** {
  public *;
}
# End of content from com.d4rk.androidtutorials.java\app\proguard-rules.pro
# The proguard configuration file for the following section is aapt_proguard_file\release\aapt_rules.txt
-keep class androidx.appcompat.app.AppLocalesMetadataHolderService { <init>(); }
-keep class androidx.core.app.CoreComponentFactory { <init>(); }
-keep class androidx.profileinstaller.ProfileInstallReceiver { <init>(); }
-keep class androidx.room.MultiInstanceInvalidationService { <init>(); }
-keep class androidx.startup.InitializationProvider { <init>(); }
-keep class androidx.work.impl.background.systemalarm.ConstraintProxy$BatteryChargingProxy { <init>(); }
-keep class androidx.work.impl.background.systemalarm.ConstraintProxy$BatteryNotLowProxy { <init>(); }
-keep class androidx.work.impl.background.systemalarm.ConstraintProxy$NetworkStateProxy { <init>(); }
-keep class androidx.work.impl.background.systemalarm.ConstraintProxy$StorageNotLowProxy { <init>(); }
-keep class androidx.work.impl.background.systemalarm.ConstraintProxyUpdateReceiver { <init>(); }
-keep class androidx.work.impl.background.systemalarm.RescheduleReceiver { <init>(); }
-keep class androidx.work.impl.background.systemalarm.SystemAlarmService { <init>(); }
-keep class androidx.work.impl.background.systemjob.SystemJobService { <init>(); }
-keep class androidx.work.impl.diagnostics.DiagnosticsReceiver { <init>(); }
-keep class androidx.work.impl.foreground.SystemForegroundService { <init>(); }
-keep class androidx.work.impl.utils.ForceStopRunnable$BroadcastReceiver { <init>(); }
-keep class com.android.billingclient.api.ProxyBillingActivity { <init>(); }
-keep class com.d4rk.androidtutorials.java.MainActivity { <init>(); }
-keep class com.d4rk.androidtutorials.java.ads.managers.AppOpenAd { <init>(); }
-keep class com.d4rk.androidtutorials.java.ui.android.alerts.alertdialog.AlertDialogActivity { <init>(); }
-keep class com.d4rk.androidtutorials.java.ui.android.alerts.alertdialog.AlertDialogCodeActivity { <init>(); }
-keep class com.d4rk.androidtutorials.java.ui.android.alerts.snackbar.SnackBarActivity { <init>(); }
-keep class com.d4rk.androidtutorials.java.ui.android.alerts.snackbar.SnackBarCodeActivity { <init>(); }
-keep class com.d4rk.androidtutorials.java.ui.android.alerts.toast.ToastActivity { <init>(); }
-keep class com.d4rk.androidtutorials.java.ui.android.alerts.toast.ToastCodeActivity { <init>(); }
-keep class com.d4rk.androidtutorials.java.ui.android.basics.history.AndroidHistory { <init>(); }
-keep class com.d4rk.androidtutorials.java.ui.android.basics.permissions.PermissionsTutorialActivity { <init>(); }
-keep class com.d4rk.androidtutorials.java.ui.android.basics.sdk.AndroidSDK { <init>(); }
-keep class com.d4rk.androidtutorials.java.ui.android.basics.shortcuts.ShortcutsActivity { <init>(); }
-keep class com.d4rk.androidtutorials.java.ui.android.basics.shortcuts.tabs.BuildShortcutsActivity { <init>(); }
-keep class com.d4rk.androidtutorials.java.ui.android.basics.shortcuts.tabs.CodeShortcutsActivity { <init>(); }
-keep class com.d4rk.androidtutorials.java.ui.android.basics.shortcuts.tabs.DebuggingShortcutsActivity { <init>(); }
-keep class com.d4rk.androidtutorials.java.ui.android.basics.shortcuts.tabs.GeneralShortcutsActivity { <init>(); }
-keep class com.d4rk.androidtutorials.java.ui.android.basics.shortcuts.tabs.NavigationAndSearchingShortcutsActivity { <init>(); }
-keep class com.d4rk.androidtutorials.java.ui.android.basics.shortcuts.tabs.RefactoringShortcutsActivity { <init>(); }
-keep class com.d4rk.androidtutorials.java.ui.android.basics.shortcuts.tabs.VersionControlShortcutsActivity { <init>(); }
-keep class com.d4rk.androidtutorials.java.ui.android.basics.viewbinding.ViewBindingTutorialActivity { <init>(); }
-keep class com.d4rk.androidtutorials.java.ui.android.buttons.buttons.ButtonsActivity { <init>(); }
-keep class com.d4rk.androidtutorials.java.ui.android.buttons.buttons.ButtonsCodeActivity { <init>(); }
-keep class com.d4rk.androidtutorials.java.ui.android.buttons.image.ImageButtonsActivity { <init>(); }
-keep class com.d4rk.androidtutorials.java.ui.android.buttons.image.ImageButtonsCodeActivity { <init>(); }
-keep class com.d4rk.androidtutorials.java.ui.android.buttons.radio.RadioButtonsActivity { <init>(); }
-keep class com.d4rk.androidtutorials.java.ui.android.buttons.radio.RadioButtonsCodeActivity { <init>(); }
-keep class com.d4rk.androidtutorials.java.ui.android.buttons.switches.SwitchActivity { <init>(); }
-keep class com.d4rk.androidtutorials.java.ui.android.buttons.switches.SwitchCodeActivity { <init>(); }
-keep class com.d4rk.androidtutorials.java.ui.android.clocks.chronometer.ChronometerActivity { <init>(); }
-keep class com.d4rk.androidtutorials.java.ui.android.clocks.chronometer.ChronometerCodeActivity { <init>(); }
-keep class com.d4rk.androidtutorials.java.ui.android.clocks.clock.ClockActivity { <init>(); }
-keep class com.d4rk.androidtutorials.java.ui.android.clocks.clock.ClockCodeActivity { <init>(); }
-keep class com.d4rk.androidtutorials.java.ui.android.clocks.datepicker.DatePickerActivity { <init>(); }
-keep class com.d4rk.androidtutorials.java.ui.android.clocks.datepicker.DatePickerCodeActivity { <init>(); }
-keep class com.d4rk.androidtutorials.java.ui.android.clocks.timepicker.TimePickerActivity { <init>(); }
-keep class com.d4rk.androidtutorials.java.ui.android.clocks.timepicker.TimePickerCodeActivity { <init>(); }
-keep class com.d4rk.androidtutorials.java.ui.android.layouts.linear.LinearLayoutActivity { <init>(); }
-keep class com.d4rk.androidtutorials.java.ui.android.layouts.linear.LinearLayoutCodeActivity { <init>(); }
-keep class com.d4rk.androidtutorials.java.ui.android.layouts.relative.RelativeLayoutActivity { <init>(); }
-keep class com.d4rk.androidtutorials.java.ui.android.layouts.relative.RelativeLayoutCodeActivity { <init>(); }
-keep class com.d4rk.androidtutorials.java.ui.android.layouts.table.TableLayoutActivity { <init>(); }
-keep class com.d4rk.androidtutorials.java.ui.android.layouts.table.TableLayoutCodeActivity { <init>(); }
-keep class com.d4rk.androidtutorials.java.ui.android.notifications.inbox.InboxNotificationActivity { <init>(); }
-keep class com.d4rk.androidtutorials.java.ui.android.notifications.inbox.InboxNotificationCodeActivity { <init>(); }
-keep class com.d4rk.androidtutorials.java.ui.android.notifications.simple.SimpleNotificationActivity { <init>(); }
-keep class com.d4rk.androidtutorials.java.ui.android.notifications.simple.SimpleNotificationCodeActivity { <init>(); }
-keep class com.d4rk.androidtutorials.java.ui.android.progress.progressbar.ProgressBarActivity { <init>(); }
-keep class com.d4rk.androidtutorials.java.ui.android.progress.progressbar.ProgressBarCodeActivity { <init>(); }
-keep class com.d4rk.androidtutorials.java.ui.android.reviews.ratingbar.RatingBarActivity { <init>(); }
-keep class com.d4rk.androidtutorials.java.ui.android.reviews.ratingbar.RatingBarCodeActivity { <init>(); }
-keep class com.d4rk.androidtutorials.java.ui.android.start.AndroidStartProjectActivity { <init>(); }
-keep class com.d4rk.androidtutorials.java.ui.android.textboxes.passwordbox.PasswordBoxActivity { <init>(); }
-keep class com.d4rk.androidtutorials.java.ui.android.textboxes.passwordbox.PasswordBoxCodeActivity { <init>(); }
-keep class com.d4rk.androidtutorials.java.ui.android.textboxes.textbox.TextboxActivity { <init>(); }
-keep class com.d4rk.androidtutorials.java.ui.android.textboxes.textbox.TextboxCodeActivity { <init>(); }
-keep class com.d4rk.androidtutorials.java.ui.android.views.grid.GirdViewActivity { <init>(); }
-keep class com.d4rk.androidtutorials.java.ui.android.views.grid.GirdViewCodeActivity { <init>(); }
-keep class com.d4rk.androidtutorials.java.ui.android.views.images.ImagesActivity { <init>(); }
-keep class com.d4rk.androidtutorials.java.ui.android.views.images.ImagesCodeActivity { <init>(); }
-keep class com.d4rk.androidtutorials.java.ui.android.views.web.WebViewActivity { <init>(); }
-keep class com.d4rk.androidtutorials.java.ui.android.views.web.WebViewCodeActivity { <init>(); }
-keep class com.d4rk.androidtutorials.java.ui.settings.SettingsActivity { <init>(); }
-keep class com.d4rk.androidtutorials.java.ui.settings.help.HelpActivity { <init>(); }
-keep class com.d4rk.androidtutorials.java.ui.settings.permissions.PermissionsActivity { <init>(); }
-keep class com.d4rk.androidtutorials.java.ui.settings.support.SupportActivity { <init>(); }
-keep class com.d4rk.androidtutorials.java.ui.startup.StartupActivity { <init>(); }
-keep class com.google.android.datatransport.runtime.backends.TransportBackendDiscovery { <init>(); }
-keep class com.google.android.datatransport.runtime.scheduling.jobscheduling.AlarmManagerSchedulerBroadcastReceiver { <init>(); }
-keep class com.google.android.datatransport.runtime.scheduling.jobscheduling.JobInfoSchedulerService { <init>(); }
-keep class com.google.android.gms.ads.AdActivity { <init>(); }
-keep class com.google.android.gms.ads.AdService { <init>(); }
-keep class com.google.android.gms.ads.MobileAdsInitProvider { <init>(); }
-keep class com.google.android.gms.ads.OutOfContextTestingActivity { <init>(); }
-keep class com.google.android.gms.common.api.GoogleApiActivity { <init>(); }
-keep class com.google.android.gms.measurement.AppMeasurementJobService { <init>(); }
-keep class com.google.android.gms.measurement.AppMeasurementReceiver { <init>(); }
-keep class com.google.android.gms.measurement.AppMeasurementService { <init>(); }
-keep class com.google.android.gms.oss.licenses.OssLicensesActivity { <init>(); }
-keep class com.google.android.gms.oss.licenses.OssLicensesMenuActivity { <init>(); }
-keep class com.google.android.play.core.common.PlayCoreDialogWrapperActivity { <init>(); }
-keep class com.google.firebase.components.ComponentDiscoveryService { <init>(); }
-keep class com.google.firebase.provider.FirebaseInitProvider { <init>(); }
-keep class android.widget.Space { <init>(android.content.Context, android.util.AttributeSet); }

-keep class androidx.appcompat.app.AlertController$RecycleListView { <init>(android.content.Context, android.util.AttributeSet); }

-keep class androidx.appcompat.view.menu.ActionMenuItemView { <init>(android.content.Context, android.util.AttributeSet); }

-keep class androidx.appcompat.view.menu.ExpandedMenuView { <init>(android.content.Context, android.util.AttributeSet); }

-keep class androidx.appcompat.view.menu.ListMenuItemView { <init>(android.content.Context, android.util.AttributeSet); }

-keep class androidx.appcompat.widget.ActionBarContainer { <init>(android.content.Context, android.util.AttributeSet); }

-keep class androidx.appcompat.widget.ActionBarContextView { <init>(android.content.Context, android.util.AttributeSet); }

-keep class androidx.appcompat.widget.ActionBarOverlayLayout { <init>(android.content.Context, android.util.AttributeSet); }

-keep class androidx.appcompat.widget.ActionMenuView { <init>(android.content.Context, android.util.AttributeSet); }

-keep class androidx.appcompat.widget.ActivityChooserView$InnerLayout { <init>(android.content.Context, android.util.AttributeSet); }

-keep class androidx.appcompat.widget.AlertDialogLayout { <init>(android.content.Context, android.util.AttributeSet); }

-keep class androidx.appcompat.widget.AppCompatImageButton { <init>(android.content.Context, android.util.AttributeSet); }

-keep class androidx.appcompat.widget.AppCompatImageView { <init>(android.content.Context, android.util.AttributeSet); }

-keep class androidx.appcompat.widget.AppCompatToggleButton { <init>(android.content.Context, android.util.AttributeSet); }

-keep class androidx.appcompat.widget.ButtonBarLayout { <init>(android.content.Context, android.util.AttributeSet); }

-keep class androidx.appcompat.widget.ContentFrameLayout { <init>(android.content.Context, android.util.AttributeSet); }

-keep class androidx.appcompat.widget.DialogTitle { <init>(android.content.Context, android.util.AttributeSet); }

-keep class androidx.appcompat.widget.FitWindowsFrameLayout { <init>(android.content.Context, android.util.AttributeSet); }

-keep class androidx.appcompat.widget.FitWindowsLinearLayout { <init>(android.content.Context, android.util.AttributeSet); }

-keep class androidx.appcompat.widget.LinearLayoutCompat { <init>(android.content.Context, android.util.AttributeSet); }

-keep class androidx.appcompat.widget.SearchView$SearchAutoComplete { <init>(android.content.Context, android.util.AttributeSet); }

-keep class androidx.appcompat.widget.SwitchCompat { <init>(android.content.Context, android.util.AttributeSet); }

-keep class androidx.appcompat.widget.Toolbar { <init>(android.content.Context, android.util.AttributeSet); }

-keep class androidx.appcompat.widget.ViewStubCompat { <init>(android.content.Context, android.util.AttributeSet); }

-keep class androidx.browser.browseractions.BrowserActionsFallbackMenuView { <init>(android.content.Context, android.util.AttributeSet); }

-keep class androidx.cardview.widget.CardView { <init>(android.content.Context, android.util.AttributeSet); }

-keep class androidx.constraintlayout.helper.widget.Flow { <init>(android.content.Context, android.util.AttributeSet); }

-keep class androidx.constraintlayout.widget.Barrier { <init>(android.content.Context, android.util.AttributeSet); }

-keep class androidx.constraintlayout.widget.ConstraintLayout { <init>(android.content.Context, android.util.AttributeSet); }

-keep class androidx.coordinatorlayout.widget.CoordinatorLayout { <init>(android.content.Context, android.util.AttributeSet); }

-keep class androidx.core.widget.ContentLoadingProgressBar { <init>(android.content.Context, android.util.AttributeSet); }

-keep class androidx.core.widget.NestedScrollView { <init>(android.content.Context, android.util.AttributeSet); }

-keep class androidx.fragment.app.FragmentContainerView { <init>(android.content.Context, android.util.AttributeSet); }

-keep class androidx.gridlayout.widget.GridLayout { <init>(android.content.Context, android.util.AttributeSet); }

-keep class androidx.navigation.fragment.NavHostFragment { <init>(); }

-keep class androidx.preference.ListPreference { <init>(...); }

-keep class androidx.preference.Preference { <init>(...); }

-keep class androidx.preference.PreferenceCategory { <init>(...); }

-keep class androidx.preference.PreferenceScreen { <init>(...); }

-keep class androidx.preference.SwitchPreferenceCompat { <init>(...); }