app/build/outputs/mapping/release/seeds.txt
com.d4rk.androidtutorials.java.ui.android.layouts.linear.LinearLayoutCodeActivity
com.d4rk.androidtutorials.java.ui.android.layouts.table.TableLayoutCodeActivity
com.d4rk.androidtutorials.java.ui.android.progress.progressbar.tabs.ProgressBarTabLayoutFragment
com.d4rk.androidtutorials.java.ui.android.clocks.chronometer.tabs.ChronometerTabCodeFragment
com.d4rk.androidtutorials.java.ui.android.basics.shortcuts.tabs.BuildShortcutsActivity
com.d4rk.androidtutorials.java.ui.android.views.grid.GirdViewCodeActivity
com.d4rk.androidtutorials.java.ui.android.clocks.chronometer.ChronometerActivity
com.d4rk.androidtutorials.java.ui.android.buttons.buttons.ButtonsCodeActivity
com.d4rk.androidtutorials.java.ui.android.layouts.linear.tabs.LinearLayoutTabLayoutFragment
com.d4rk.androidtutorials.java.ui.android.clocks.datepicker.DatePickerActivity
com.d4rk.androidtutorials.java.ui.android.alerts.alertdialog.tabs.AlertDialogTabLayoutFragment
com.d4rk.androidtutorials.java.ui.android.notifications.simple.SimpleNotificationCodeActivity
com.d4rk.androidtutorials.java.ui.android.alerts.snackbar.tabs.SnackBarTabCodeFragment
com.d4rk.androidtutorials.java.ui.android.clocks.chronometer.tabs.ChronometerTabLayoutFragment
com.d4rk.androidtutorials.java.ui.android.layouts.relative.tabs.RelativeLayoutTabLayoutFragment
com.d4rk.androidtutorials.java.ui.android.basics.shortcuts.ShortcutsActivity$SettingsFragment
com.d4rk.androidtutorials.java.ui.android.clocks.timepicker.TimePickerCodeActivity
com.d4rk.androidtutorials.java.ui.android.buttons.radio.tabs.RadioButtonsTabCodeFragment
com.d4rk.androidtutorials.java.ui.android.notifications.simple.tabs.SimpleNotificationTabCodeFragment
com.d4rk.androidtutorials.java.ui.settings.help.HelpActivity
com.d4rk.androidtutorials.java.ui.android.basics.shortcuts.tabs.GeneralShortcutsActivity
com.d4rk.androidtutorials.java.ui.android.views.grid.tabs.GridViewTabCodeFragment
com.d4rk.androidtutorials.java.ads.managers.AppOpenAd
com.d4rk.androidtutorials.java.ui.android.textboxes.passwordbox.PasswordBoxCodeActivity
com.d4rk.androidtutorials.java.ui.android.views.web.tabs.WebViewTabLayoutFragment
com.d4rk.androidtutorials.java.ui.android.notifications.inbox.InboxNotificationCodeActivity
com.d4rk.androidtutorials.java.ui.android.buttons.image.tabs.ImageButtonsTabLayoutFragment
com.d4rk.androidtutorials.java.ui.android.views.web.tabs.WebViewTabCodeFragment
com.d4rk.androidtutorials.java.ui.android.basics.shortcuts.tabs.DebuggingShortcutsActivity
com.d4rk.androidtutorials.java.ui.android.buttons.buttons.ButtonsActivity
com.d4rk.androidtutorials.java.ui.android.alerts.alertdialog.AlertDialogCodeActivity
com.d4rk.androidtutorials.java.ui.settings.SettingsActivity
com.d4rk.androidtutorials.java.ui.android.alerts.alertdialog.AlertDialogActivity
com.d4rk.androidtutorials.java.MainActivity
com.d4rk.androidtutorials.java.ui.android.clocks.chronometer.ChronometerCodeActivity
com.d4rk.androidtutorials.java.ui.android.textboxes.textbox.tabs.TextboxTabCodeFragment
com.d4rk.androidtutorials.java.ui.android.notifications.simple.tabs.SimpleNotificationTabLayoutFragment
com.d4rk.androidtutorials.java.ui.android.clocks.timepicker.tabs.TimePickerTabLayoutFragment
com.d4rk.androidtutorials.java.ui.android.views.images.tabs.ImagesTabLayoutFragment
com.d4rk.androidtutorials.java.ui.android.notifications.simple.SimpleNotificationActivity
com.d4rk.androidtutorials.java.ui.android.layouts.table.tabs.TableLayoutTabCodeFragment
com.d4rk.androidtutorials.java.ui.android.buttons.buttons.tabs.ButtonsTabCodeFragment
com.d4rk.androidtutorials.java.ui.android.textboxes.textbox.TextboxActivity
com.d4rk.androidtutorials.java.ui.android.buttons.image.ImageButtonsCodeActivity
com.d4rk.androidtutorials.java.ui.android.layouts.relative.tabs.RelativeLayoutTabCodeFragment
com.d4rk.androidtutorials.java.ui.android.clocks.datepicker.tabs.DatePickerTabCodeFragment
com.d4rk.androidtutorials.java.ui.android.basics.history.AndroidHistory
...
com.google.android.gms.internal.ads.zzguo: com.google.android.gms.internal.ads.zzgpf zzi
com.google.firebase.sessions.R$attr: int layout_anchor
com.google.firebase.perf.R$style: int TextAppearance_Compat_Notification_Time
com.google.android.gms.common.internal.zav: android.os.Parcelable$Creator CREATOR
com.google.firebase.perf.R$style: int Base_Widget_AppCompat_ActionBar_Solid
com.google.firebase.perf.R$style: int TextAppearance_AppCompat_Light_SearchResult_Subtitle
com.google.firebase.perf.R$style: int Theme_AppCompat_Light_DialogWhenLarge
com.google.firebase.perf.v1.NetworkConnectionInfo$MobileSubtype: com.google.firebase.perf.v1.NetworkConnectionInfo$MobileSubtype HSPA
com.google.firebase.remoteconfig.internal.Personalization: java.lang.String EXTERNAL_RC_PARAMETER_PARAM
com.google.firebase.perf.R$style: int Base_Widget_AppCompat_ButtonBar_AlertDialog
com.google.android.gms.internal.ads.zzguj: com.google.android.gms.internal.ads.zzguj zzb
com.google.firebase.perf.v1.NetworkConnectionInfo$NetworkType: com.google.firebase.perf.v1.NetworkConnectionInfo$NetworkType MOBILE_CBS
com.google.android.gms.internal.measurement.zzfn: java.lang.String zze
com.google.firebase.perf.R$styleable: int View_theme
com.google.firebase.perf.R$styleable: int MenuItem_showAsAction
com.google.firebase.perf.R$anim: int abc_tooltip_exit
com.google.android.gms.internal.measurement.zzei: com.google.android.gms.internal.measurement.zzli zzg
com.google.android.gms.ads.formats.NativeAdOptions: int ORIENTATION_LANDSCAPE
com.google.android.gms.internal.ads.zzgid: com.google.android.gms.internal.ads.zzgid zzb
com.google.firebase.heartbeatinfo.HeartBeatInfo$HeartBeat: com.google.firebase.heartbeatinfo.HeartBeatInfo$HeartBeat SDK
com.google.android.gms.internal.ads.zzaol: long zzam
com.google.android.gms.internal.ads.zzaxj: int zze
com.google.firebase.perf.R$style: int Widget_AppCompat_Light_AutoCompleteTextView
com.google.firebase.crashlytics.R$dimen: int notification_content_margin_start
androidx.datastore.preferences.PreferencesProto$Value: int DOUBLE_FIELD_NUMBER
com.google.android.gms.internal.ads.zzane: java.lang.String zzi
com.google.firebase.perf.v1.PerfMetric: int GAUGE_METRIC_FIELD_NUMBER
com.google.android.gms.internal.ads.zzgtu: int zzd
com.google.firebase.installations.interop.R$id: int end
com.google.firebase.perf.R$style: int Widget_AppCompat_Spinner
com.google.firebase.R$integer: int status_bar_notification_info_maxnum
com.google.firebase.installations.interop.R$layout: int notification_template_custom_big
com.google.firebase.abt.R$dimen: int notification_subtext_size
com.google.firebase.installations.R$styleable: int FontFamilyFont_font
com.google.android.gms.internal.ads.zzanx: int zzd
com.google.firebase.perf.R$dimen: int abc_action_button_min_width_overflow_material
com.google.firebase.perf.R$bool: int abc_config_actionMenuItemAllCaps
com.google.firebase.perf.R$styleable: int AppCompatTheme_windowFixedHeightMinor
com.google.firebase.perf.R$layout: int notification_template_part_time
com.google.android.gms.ads.internal.client.zzff: int zza
com.google.android.gms.internal.ads.zzgud: com.google.android.gms.internal.ads.zzgpb zzj
com.google.firebase.perf.R$styleable: int[] AppCompatSeekBar
com.google.firebase.perf.R$styleable: int MenuItem_android_enabled
com.google.firebase.perf.R$style: int Widget_AppCompat_EditText
com.google.firebase.abt.R$attr: int fontVariationSettings
com.google.android.gms.internal.measurement.zzgd: long zzn
com.google.firebase.sessions.BuildConfig: java.lang.String LIBRARY_PACKAGE_NAME
com.google.android.gms.internal.ads.zzgkc: java.lang.String zzd
com.google.firebase.ktx.R$id: int info
com.google.firebase.crashlytics.internal.settings.Settings$FeatureFlagData: boolean collectReports
com.google.firebase.perf.R$style: int Widget_AppCompat_Toolbar
com.google.firebase.installations.R$dimen: int compat_button_inset_vertical_material