app/build/outputs/mapping/release/usage.txt
com.d4rk.androidtutorials.java.BuildConfig
com.d4rk.androidtutorials.java.R$array:
    public static int code_font_entries
    public static int code_font_values
    public static int preference_bottom_navigation_bar_labels_entries
    public static int preference_default_tab_entries
    public static int preference_language_entries
    public static int preference_language_values
    public static int preference_theme_entries
    private void <init>()
com.d4rk.androidtutorials.java.R$color
com.d4rk.androidtutorials.java.R$drawable:
    public static int bg_overflow
    public static int ic_about
    public static int ic_about_filled
    public static int ic_alarm_range
    public static int ic_album
    public static int ic_all_inbox
    public static int ic_android
    public static int ic_android_sdk
    public static int ic_app_shortcuts
    public static int ic_appearance_tinted
    public static int ic_build_tinted
    public static int ic_category_build_tinted
    public static int ic_category_button_tinted
    public static int ic_category_clock_tinted
    public static int ic_category_dialog_tinted
    public static int ic_category_layout_tinted
    public static int ic_category_notification_tinted
    public static int ic_category_progress_bar_tinted
    public static int ic_category_reviews_tinted
    public static int ic_category_start_tinted
    public static int ic_category_text_tinted
    public static int ic_check_circle
    public static int ic_clock
    public static int ic_code
    public static int ic_code_binding
    public static int ic_code_of_conduct
    public static int ic_data_object
    public static int ic_date_range
    public static int ic_edit_notifications
    public static int ic_event
    public static int ic_experimental
    public static int ic_feedback
    public static int ic_firebase
    public static int ic_flag
    public static int ic_font_download
    public static int ic_github
    public static int ic_gmail
com.d4rk.androidtutorials.java.R$font:
    private void <init>()
com.d4rk.androidtutorials.java.R$id:
    public static int constraint_layout
    public static int container
    public static int mobile_navigation
    public static int switchWidget
    public static int tab_layout
    public static int tableRow
    private void <init>()
com.d4rk.androidtutorials.java.R$layout:
    public static int preference_switch_widget_layout
    private void <init>()
com.d4rk.androidtutorials.java.R$menu:
    public static int bottom_nav_menu
    private void <init>()
com.d4rk.androidtutorials.java.R$mipmap:
    public static int ic_launcher
    public static int ic_shortcut_settings
    private void <init>()
com.d4rk.androidtutorials.java.R$navigation:
    private void <init>()
com.d4rk.androidtutorials.java.R$raw:
    public static int anim_about
    public static int anim_android_studio
    public static int anim_hello_world
    public static int anim_jetpack
    public static int anim_learning
    public static int anim_permission
    public static int anim_programmer
    public static int text_progress_bar_xml
    public static int third_party_license_metadata
    public static int third_party_licenses
    private void <init>()
...
com.google.android.gms.internal.measurement.zzhj
com.google.android.gms.internal.measurement.zzhk
com.google.android.gms.internal.measurement.zzhl
com.google.android.gms.internal.measurement.zzhm
com.google.android.gms.internal.measurement.zzhn$$InternalSynthetic$IA$349$f206ec67f342322bc79b04a8571844d07bf08f7a223d77d3e72bb2c3a9567448$0
com.google.android.gms.internal.measurement.zzhn:
    private static void $r8$constructor$androidx$appcompat$widget$AppCompatEmojiEditTextHelper()
    private static void $r8$constructor$androidx$appcompat$widget$AppCompatTextClassifierHelper()
    private static void $r8$constructor$androidx$cardview$widget$CardView$1()
    private static void $r8$constructor$androidx$core$content$res$GradientColorInflaterCompat$ColorStops()
    private static void $r8$constructor$androidx$core$content$res$GradientColorInflaterCompat$ColorStops$1()
    private static void $r8$constructor$androidx$core$content$res$GradientColorInflaterCompat$ColorStops$2()
    private static void $r8$constructor$androidx$core$view$WindowInsetsAnimationCompat$BoundsCompat()
    private static synthetic void $r8$constructor$androidx$datastore$preferences$protobuf$ByteString$CodedBuilder()
    private static void $r8$constructor$androidx$datastore$preferences$protobuf$ByteString$CodedBuilder$1()
    private static void $r8$constructor$androidx$room$InvalidationLiveDataContainer()
    private static void $r8$constructor$androidx$sqlite$db$SimpleSQLiteQuery()
    private static void $r8$constructor$androidx$viewpager$widget$ViewPager$4()
    private static void $r8$constructor$androidx$work$impl$OperationImpl()
    private static void $r8$constructor$com$android$billingclient$api$zzaw()
    private static void $r8$constructor$com$android$billingclient$api$zzh()
com.google.android.gms.internal.measurement.zzho:
    public static void <clinit>()
com.google.android.gms.internal.measurement.zzhs
com.google.android.gms.internal.measurement.zzht
com.google.android.gms.internal.measurement.zzhu:
    private static void $r8$constructor$com$google$android$gms$internal$measurement$zzhw()
com.google.android.gms.internal.measurement.zzhv
com.google.android.gms.internal.measurement.zzhw
com.google.android.gms.internal.measurement.zzhx
com.google.android.gms.internal.measurement.zzhy
com.google.android.gms.internal.measurement.zzhz
com.google.android.gms.internal.measurement.zzi
com.google.android.gms.internal.measurement.zzia
com.google.android.gms.internal.measurement.zzib:
    public static final synthetic int zzc
    public static volatile boolean zzf
    public static final java.util.concurrent.atomic.AtomicReference zzg
    public static final com.google.android.gms.internal.measurement.zzbw zzh
    public static void zzc()
com.google.android.gms.internal.measurement.zzic$$InternalSyntheticThrowCCEIfNotNull$14$6ae67e9220999cc8510b5bb4e6f34010d8a13d2fe5aacffee76ea646cda63caa$0
com.google.android.gms.internal.measurement.zzic:
    public final android.content.SharedPreferences zzb
    public final android.content.SharedPreferences$OnSharedPreferenceChangeListener zzc
com.google.android.gms.internal.measurement.zzid
com.google.android.gms.internal.measurement.zzif
com.google.android.gms.internal.measurement.zzig
com.google.android.gms.internal.measurement.zzih
com.google.android.gms.internal.measurement.zzii:
    public static com.google.android.gms.internal.measurement.zzii zzc()
    public static com.google.android.gms.internal.measurement.zzii zzd()
com.google.android.gms.internal.measurement.zzij
com.google.android.gms.internal.measurement.zzil
com.google.android.gms.internal.measurement.zzip:
    public static final com.google.android.gms.internal.measurement.zzio zza
    public static void <clinit>()
com.google.android.gms.internal.measurement.zzir
com.google.android.gms.internal.measurement.zzis:
    private static void $r8$constructor$com$google$android$gms$internal$measurement$zzji()